0 silly argv {
0 silly argv   _: [ 'create' ],
0 silly argv   lernaVersion: '8.1.2',
0 silly argv   '$0': 'lerna',
0 silly argv   name: 'nft-unique'
0 silly argv }
1 notice cli v8.1.2
2 verbose packageConfigs Resolving packages based on package.json "workspaces" configuration.
3 verbose rootPath /Users/luke/code/clones/github/ltfschoen/nft-unique
4 warn ENOREMOTE No git remote found, skipping repository property
5 error Error: canceled
5 error     at Interface.<anonymous> (/Users/luke/code/clones/github/ltfschoen/nft-unique/node_modules/promzard/node_modules/read/dist/commonjs/read.js:89:21)
5 error     at Interface.emit (node:events:518:28)
5 error     at [_ttyWrite] [as _ttyWrite] (node:internal/readline/interface:1125:18)
5 error     at ReadStream.onkeypress (node:internal/readline/interface:264:20)
5 error     at ReadStream.emit (node:events:518:28)
5 error     at emitKeys (node:internal/readline/utils:371:14)
5 error     at emitKeys.next (<anonymous>)
5 error     at ReadStream.onData (node:internal/readline/emitKeypressEvents:64:36)
5 error     at ReadStream.emit (node:events:518:28)
